# JRE version: Java(TM) SE Runtime Environment (7.0_40-b43) (build 1.7.0_40-b43)
# Java VM: Java HotSpot(TM) 64-Bit Server VM (24.0-b56 mixed mode windows-amd64 compressed oops)
Heap
 par new generation   total 55296K, used 42960K [0x0000000730000000, 0x0000000733c00000, 0x0000000733c00000)
  eden space 49152K,  80% used [0x0000000730000000, 0x000000073267db10, 0x0000000733000000)
  from space 6144K,  57% used [0x0000000733600000, 0x0000000733976800, 0x0000000733c00000)
  to   space 6144K,   0% used [0x0000000733000000, 0x0000000733000000, 0x0000000733600000)
 concurrent mark-sweep generation total 128072K, used 75746K [0x0000000733c00000, 0x000000073b912000, 0x00000007f0000000)
 concurrent-mark-sweep perm gen total 262144K, used 60406K [0x00000007f0000000, 0x0000000800000000, 0x0000000800000000)
GC Heap History (10 events):
Event: 3477.261 GC heap before
{Heap before GC invocations=76 (full 9):
 par new generation   total 55296K, used 52213K [0x0000000730000000, 0x0000000733c00000, 0x0000000733c00000)
  eden space 49152K, 100% used [0x0000000730000000, 0x0000000733000000, 0x0000000733000000)
  from space 6144K,  49% used [0x0000000733000000, 0x00000007332fd7a8, 0x0000000733600000)
  to   space 6144K,   0% used [0x0000000733600000, 0x0000000733600000, 0x0000000733c00000)
 concurrent mark-sweep generation total 128072K, used 75079K [0x0000000733c00000, 0x000000073b912000, 0x00000007f0000000)
 concurrent-mark-sweep perm gen total 262144K, used 60189K [0x00000007f0000000, 0x0000000800000000, 0x0000000800000000)
Event: 3477.263 GC heap after
Heap after GC invocations=77 (full 9):
 par new generation   total 55296K, used 3181K [0x0000000730000000, 0x0000000733c00000, 0x0000000733c00000)
  eden space 49152K,   0% used [0x0000000730000000, 0x0000000730000000, 0x0000000733000000)
  from space 6144K,  51% used [0x0000000733600000, 0x000000073391b540, 0x0000000733c00000)
  to   space 6144K,   0% used [0x0000000733000000, 0x0000000733000000, 0x0000000733600000)
 concurrent mark-sweep generation total 128072K, used 75152K [0x0000000733c00000, 0x000000073b912000, 0x00000007f0000000)
 concurrent-mark-sweep perm gen total 262144K, used 60189K [0x00000007f0000000, 0x0000000800000000, 0x0000000800000000)
}
Event: 3478.070 GC heap before
{Heap before GC invocations=77 (full 9):
 par new generation   total 55296K, used 52333K [0x0000000730000000, 0x0000000733c00000, 0x0000000733c00000)
  eden space 49152K, 100% used [0x0000000730000000, 0x0000000733000000, 0x0000000733000000)
  from space 6144K,  51% used [0x0000000733600000, 0x000000073391b540, 0x0000000733c00000)
  to   space 6144K,   0% used [0x0000000733000000, 0x0000000733000000, 0x0000000733600000)
 concurrent mark-sweep generation total 128072K, used 75152K [0x0000000733c00000, 0x000000073b912000, 0x00000007f0000000)
 concurrent-mark-sweep perm gen total 262144K, used 60250K [0x00000007f0000000, 0x0000000800000000, 0x0000000800000000)
Event: 3478.072 GC heap after
Heap after GC invocations=78 (full 9):
 par new generation   total 55296K, used 3222K [0x0000000730000000, 0x0000000733c00000, 0x0000000733c00000)
  eden space 49152K,   0% used [0x0000000730000000, 0x0000000730000000, 0x0000000733000000)
  from space 6144K,  52% used [0x0000000733000000, 0x0000000733325b88, 0x0000000733600000)
  to   space 6144K,   0% used [0x0000000733600000, 0x0000000733600000, 0x0000000733c00000)
 concurrent mark-sweep generation total 128072K, used 75272K [0x0000000733c00000, 0x000000073b912000, 0x00000007f0000000)
 concurrent-mark-sweep perm gen total 262144K, used 60250K [0x00000007f0000000, 0x0000000800000000, 0x0000000800000000)
}
Event: 3496.714 GC heap before
{Heap before GC invocations=78 (full 9):
 par new generation   total 55296K, used 52374K [0x0000000730000000, 0x0000000733c00000, 0x0000000733c00000)
  eden space 49152K, 100% used [0x0000000730000000, 0x0000000733000000, 0x0000000733000000)
  from space 6144K,  52% used [0x0000000733000000, 0x0000000733325b88, 0x0000000733600000)
  to   space 6144K,   0% used [0x0000000733600000, 0x0000000733600000, 0x0000000733c00000)
 concurrent mark-sweep generation total 128072K, used 75272K [0x0000000733c00000, 0x000000073b912000, 0x00000007f0000000)
 concurrent-mark-sweep perm gen total 262144K, used 60279K [0x00000007f0000000, 0x0000000800000000, 0x0000000800000000)
Event: 3496.717 GC heap after
Heap after GC invocations=79 (full 9):
 par new generation   total 55296K, used 3133K [0x0000000730000000, 0x0000000733c00000, 0x0000000733c00000)
  eden space 49152K,   0% used [0x0000000730000000, 0x0000000730000000, 0x0000000733000000)
  from space 6144K,  51% used [0x0000000733600000, 0x000000073390f700, 0x0000000733c00000)
  to   space 6144K,   0% used [0x0000000733000000, 0x0000000733000000, 0x0000000733600000)
 concurrent mark-sweep generation total 128072K, used 75377K [0x0000000733c00000, 0x000000073b912000, 0x00000007f0000000)
 concurrent-mark-sweep perm gen total 262144K, used 60279K [0x00000007f0000000, 0x0000000800000000, 0x0000000800000000)
}
Event: 3508.373 GC heap before
{Heap before GC invocations=79 (full 9):
 par new generation   total 55296K, used 52285K [0x0000000730000000, 0x0000000733c00000, 0x0000000733c00000)
  eden space 49152K, 100% used [0x0000000730000000, 0x0000000733000000, 0x0000000733000000)
  from space 6144K,  51% used [0x0000000733600000, 0x000000073390f700, 0x0000000733c00000)
  to   space 6144K,   0% used [0x0000000733000000, 0x0000000733000000, 0x0000000733600000)
 concurrent mark-sweep generation total 128072K, used 75377K [0x0000000733c00000, 0x000000073b912000, 0x00000007f0000000)
 concurrent-mark-sweep perm gen total 262144K, used 60376K [0x00000007f0000000, 0x0000000800000000, 0x0000000800000000)
Event: 3508.377 GC heap after
Heap after GC invocations=80 (full 9):
 par new generation   total 55296K, used 2969K [0x0000000730000000, 0x0000000733c00000, 0x0000000733c00000)
  eden space 49152K,   0% used [0x0000000730000000, 0x0000000730000000, 0x0000000733000000)
  from space 6144K,  48% used [0x0000000733000000, 0x00000007332e64b8, 0x0000000733600000)
  to   space 6144K,   0% used [0x0000000733600000, 0x0000000733600000, 0x0000000733c00000)
 concurrent mark-sweep generation total 128072K, used 75563K [0x0000000733c00000, 0x000000073b912000, 0x00000007f0000000)
 concurrent-mark-sweep perm gen total 262144K, used 60376K [0x00000007f0000000, 0x0000000800000000, 0x0000000800000000)
}
Event: 3509.641 GC heap before
{Heap before GC invocations=80 (full 9):
 par new generation   total 55296K, used 52121K [0x0000000730000000, 0x0000000733c00000, 0x0000000733c00000)
  eden space 49152K, 100% used [0x0000000730000000, 0x0000000733000000, 0x0000000733000000)
  from space 6144K,  48% used [0x0000000733000000, 0x00000007332e64b8, 0x0000000733600000)
  to   space 6144K,   0% used [0x0000000733600000, 0x0000000733600000, 0x0000000733c00000)
 concurrent mark-sweep generation total 128072K, used 75563K [0x0000000733c00000, 0x000000073b912000, 0x00000007f0000000)
 concurrent-mark-sweep perm gen total 262144K, used 60396K [0x00000007f0000000, 0x0000000800000000, 0x0000000800000000)
Event: 3509.643 GC heap after
Heap after GC invocations=81 (full 9):
 par new generation   total 55296K, used 3546K [0x0000000730000000, 0x0000000733c00000, 0x0000000733c00000)
  eden space 49152K,   0% used [0x0000000730000000, 0x0000000730000000, 0x0000000733000000)
  from space 6144K,  57% used [0x0000000733600000, 0x0000000733976800, 0x0000000733c00000)
  to   space 6144K,   0% used [0x0000000733000000, 0x0000000733000000, 0x0000000733600000)
 concurrent mark-sweep generation total 128072K, used 75746K [0x0000000733c00000, 0x000000073b912000, 0x00000007f0000000)
 concurrent-mark-sweep perm gen total 262144K, used 60396K [0x00000007f0000000, 0x0000000800000000, 0x0000000800000000)
}

