# JRE version: Java(TM) SE Runtime Environment (7.0_40-b43) (build 1.7.0_40-b43)
# Java VM: Java HotSpot(TM) 64-Bit Server VM (24.0-b56 mixed mode windows-amd64 compressed oops)
Heap
 par new generation   total 55296K, used 5505K [0x0000000730000000, 0x0000000733c00000, 0x0000000733c00000)
  eden space 49152K,   2% used [0x0000000730000000, 0x0000000730162de0, 0x0000000733000000)
  from space 6144K,  66% used [0x0000000733600000, 0x00000007339fd830, 0x0000000733c00000)
  to   space 6144K,   0% used [0x0000000733000000, 0x0000000733000000, 0x0000000733600000)
 concurrent mark-sweep generation total 349500K, used 217906K [0x0000000733c00000, 0x000000074914f000, 0x00000007f0000000)
 concurrent-mark-sweep perm gen total 262144K, used 76550K [0x00000007f0000000, 0x0000000800000000, 0x0000000800000000)
GC Heap History (10 events):
Event: 17965.748 GC heap before
{Heap before GC invocations=1132 (full 29):
 par new generation   total 55296K, used 52796K [0x0000000730000000, 0x0000000733c00000, 0x0000000733c00000)
  eden space 49152K, 100% used [0x0000000730000000, 0x0000000733000000, 0x0000000733000000)
  from space 6144K,  59% used [0x0000000733000000, 0x000000073338f180, 0x0000000733600000)
  to   space 6144K,   0% used [0x0000000733600000, 0x0000000733600000, 0x0000000733c00000)
 concurrent mark-sweep generation total 349500K, used 215058K [0x0000000733c00000, 0x000000074914f000, 0x00000007f0000000)
 concurrent-mark-sweep perm gen total 262144K, used 76510K [0x00000007f0000000, 0x0000000800000000, 0x0000000800000000)
Event: 17965.753 GC heap after
Heap after GC invocations=1133 (full 29):
 par new generation   total 55296K, used 3894K [0x0000000730000000, 0x0000000733c00000, 0x0000000733c00000)
  eden space 49152K,   0% used [0x0000000730000000, 0x0000000730000000, 0x0000000733000000)
  from space 6144K,  63% used [0x0000000733600000, 0x00000007339cd988, 0x0000000733c00000)
  to   space 6144K,   0% used [0x0000000733000000, 0x0000000733000000, 0x0000000733600000)
 concurrent mark-sweep generation total 349500K, used 215239K [0x0000000733c00000, 0x000000074914f000, 0x00000007f0000000)
 concurrent-mark-sweep perm gen total 262144K, used 76510K [0x00000007f0000000, 0x0000000800000000, 0x0000000800000000)
}
Event: 17967.165 GC heap before
{Heap before GC invocations=1133 (full 29):
 par new generation   total 55296K, used 53046K [0x0000000730000000, 0x0000000733c00000, 0x0000000733c00000)
  eden space 49152K, 100% used [0x0000000730000000, 0x0000000733000000, 0x0000000733000000)
  from space 6144K,  63% used [0x0000000733600000, 0x00000007339cd988, 0x0000000733c00000)
  to   space 6144K,   0% used [0x0000000733000000, 0x0000000733000000, 0x0000000733600000)
 concurrent mark-sweep generation total 349500K, used 215239K [0x0000000733c00000, 0x000000074914f000, 0x00000007f0000000)
 concurrent-mark-sweep perm gen total 262144K, used 76517K [0x00000007f0000000, 0x0000000800000000, 0x0000000800000000)
Event: 17967.170 GC heap after
Heap after GC invocations=1134 (full 29):
 par new generation   total 55296K, used 5491K [0x0000000730000000, 0x0000000733c00000, 0x0000000733c00000)
  eden space 49152K,   0% used [0x0000000730000000, 0x0000000730000000, 0x0000000733000000)
  from space 6144K,  89% used [0x0000000733000000, 0x000000073355cde0, 0x0000000733600000)
  to   space 6144K,   0% used [0x0000000733600000, 0x0000000733600000, 0x0000000733c00000)
 concurrent mark-sweep generation total 349500K, used 215812K [0x0000000733c00000, 0x000000074914f000, 0x00000007f0000000)
 concurrent-mark-sweep perm gen total 262144K, used 76517K [0x00000007f0000000, 0x0000000800000000, 0x0000000800000000)
}
Event: 17970.873 GC heap before
{Heap before GC invocations=1134 (full 29):
 par new generation   total 55296K, used 54643K [0x0000000730000000, 0x0000000733c00000, 0x0000000733c00000)
  eden space 49152K, 100% used [0x0000000730000000, 0x0000000733000000, 0x0000000733000000)
  from space 6144K,  89% used [0x0000000733000000, 0x000000073355cde0, 0x0000000733600000)
  to   space 6144K,   0% used [0x0000000733600000, 0x0000000733600000, 0x0000000733c00000)
 concurrent mark-sweep generation total 349500K, used 215812K [0x0000000733c00000, 0x000000074914f000, 0x00000007f0000000)
 concurrent-mark-sweep perm gen total 262144K, used 76522K [0x00000007f0000000, 0x0000000800000000, 0x0000000800000000)
Event: 17970.877 GC heap after
Heap after GC invocations=1135 (full 29):
 par new generation   total 55296K, used 4919K [0x0000000730000000, 0x0000000733c00000, 0x0000000733c00000)
  eden space 49152K,   0% used [0x0000000730000000, 0x0000000730000000, 0x0000000733000000)
  from space 6144K,  80% used [0x0000000733600000, 0x0000000733acdf78, 0x0000000733c00000)
  to   space 6144K,   0% used [0x0000000733000000, 0x0000000733000000, 0x0000000733600000)
 concurrent mark-sweep generation total 349500K, used 216452K [0x0000000733c00000, 0x000000074914f000, 0x00000007f0000000)
 concurrent-mark-sweep perm gen total 262144K, used 76522K [0x00000007f0000000, 0x0000000800000000, 0x0000000800000000)
}
Event: 17971.777 GC heap before
{Heap before GC invocations=1135 (full 29):
 par new generation   total 55296K, used 54071K [0x0000000730000000, 0x0000000733c00000, 0x0000000733c00000)
  eden space 49152K, 100% used [0x0000000730000000, 0x0000000733000000, 0x0000000733000000)
  from space 6144K,  80% used [0x0000000733600000, 0x0000000733acdf78, 0x0000000733c00000)
  to   space 6144K,   0% used [0x0000000733000000, 0x0000000733000000, 0x0000000733600000)
 concurrent mark-sweep generation total 349500K, used 216452K [0x0000000733c00000, 0x000000074914f000, 0x00000007f0000000)
 concurrent-mark-sweep perm gen total 262144K, used 76522K [0x00000007f0000000, 0x0000000800000000, 0x0000000800000000)
Event: 17971.781 GC heap after
Heap after GC invocations=1136 (full 29):
 par new generation   total 55296K, used 5002K [0x0000000730000000, 0x0000000733c00000, 0x0000000733c00000)
  eden space 49152K,   0% used [0x0000000730000000, 0x0000000730000000, 0x0000000733000000)
  from space 6144K,  81% used [0x0000000733000000, 0x00000007334e2998, 0x0000000733600000)
  to   space 6144K,   0% used [0x0000000733600000, 0x0000000733600000, 0x0000000733c00000)
 concurrent mark-sweep generation total 349500K, used 216887K [0x0000000733c00000, 0x000000074914f000, 0x00000007f0000000)
 concurrent-mark-sweep perm gen total 262144K, used 76522K [0x00000007f0000000, 0x0000000800000000, 0x0000000800000000)
}
Event: 17977.475 GC heap before
{Heap before GC invocations=1136 (full 29):
 par new generation   total 55296K, used 54154K [0x0000000730000000, 0x0000000733c00000, 0x0000000733c00000)
  eden space 49152K, 100% used [0x0000000730000000, 0x0000000733000000, 0x0000000733000000)
  from space 6144K,  81% used [0x0000000733000000, 0x00000007334e2998, 0x0000000733600000)
  to   space 6144K,   0% used [0x0000000733600000, 0x0000000733600000, 0x0000000733c00000)
 concurrent mark-sweep generation total 349500K, used 216887K [0x0000000733c00000, 0x000000074914f000, 0x00000007f0000000)
 concurrent-mark-sweep perm gen total 262144K, used 76549K [0x00000007f0000000, 0x0000000800000000, 0x0000000800000000)
Event: 17977.480 GC heap after
Heap after GC invocations=1137 (full 29):
 par new generation   total 55296K, used 4086K [0x0000000730000000, 0x0000000733c00000, 0x0000000733c00000)
  eden space 49152K,   0% used [0x0000000730000000, 0x0000000730000000, 0x0000000733000000)
  from space 6144K,  66% used [0x0000000733600000, 0x00000007339fd830, 0x0000000733c00000)
  to   space 6144K,   0% used [0x0000000733000000, 0x0000000733000000, 0x0000000733600000)
 concurrent mark-sweep generation total 349500K, used 217906K [0x0000000733c00000, 0x000000074914f000, 0x00000007f0000000)
 concurrent-mark-sweep perm gen total 262144K, used 76549K [0x00000007f0000000, 0x0000000800000000, 0x0000000800000000)
}

